Sun Jun 12 2016 00:07:51 GMT+0530 (India Standard Time) - error: E11000 duplicate key error collection: hack1-dev.datasets index: name_1 dup key: { : "RidersDataset1" }
Sun Jun 12 2016 00:08:05 GMT+0530 (India Standard Time) - info: Processing Data file- uploads\RidersDataset 
Sun Jun 12 2016 00:08:05 GMT+0530 (India Standard Time) - error:  MissingSchemaError: Schema hasn't been registered for model "RidersDataset_New".
Use mongoose.model(name, schema)
    at Mongoose.model (C:\Hackathons\shadowFax\node_modules\mongoose\lib\index.js:323:13)
    at Object.module.exports.upload (C:\Hackathons\shadowFax\app\utility\datasetUpload.js:36:34)
    at onNewRecord (C:\Hackathons\shadowFax\app\utility\parseCSVFile.js:78:23)
    at null.<anonymous> (C:\Hackathons\shadowFax\app\utility\parseCSVFile.js:40:17)
    at emitNone (events.js:67:13)
    at emit (events.js:166:7)
    at emitReadable_ (_stream_readable.js:419:10)
    at emitReadable (_stream_readable.js:413:7)
    at readableAddChunk (_stream_readable.js:164:13)
    at Readable.push (_stream_readable.js:111:10)
    at Transform.push (_stream_transform.js:128:32)
    at Parser.__push (C:\Hackathons\shadowFax\node_modules\csv-parse\lib\index.js:221:19)
    at Parser.__write (C:\Hackathons\shadowFax\node_modules\csv-parse\lib\index.js:378:14)
    at Parser._transform (C:\Hackathons\shadowFax\node_modules\csv-parse\lib\index.js:166:10)
    at Transform._read (_stream_transform.js:167:10)
    at Transform._write (_stream_transform.js:155:12)
Sun Jun 12 2016 00:11:49 GMT+0530 (India Standard Time) - info: Processing Data file- uploads\MPS1 
Sun Jun 12 2016 00:11:49 GMT+0530 (India Standard Time) - error:  MissingSchemaError: Schema hasn't been registered for model "MPS1".
Use mongoose.model(name, schema)
    at Mongoose.model (C:\Hackathons\shadowFax\node_modules\mongoose\lib\index.js:323:13)
    at Object.module.exports.upload (C:\Hackathons\shadowFax\app\utility\datasetUpload.js:36:34)
    at onNewRecord (C:\Hackathons\shadowFax\app\utility\parseCSVFile.js:77:23)
    at null.<anonymous> (C:\Hackathons\shadowFax\app\utility\parseCSVFile.js:40:17)
    at emitNone (events.js:67:13)
    at emit (events.js:166:7)
    at emitReadable_ (_stream_readable.js:419:10)
    at emitReadable (_stream_readable.js:413:7)
    at readableAddChunk (_stream_readable.js:164:13)
    at Readable.push (_stream_readable.js:111:10)
    at Transform.push (_stream_transform.js:128:32)
    at Parser.__push (C:\Hackathons\shadowFax\node_modules\csv-parse\lib\index.js:221:19)
    at Parser.__write (C:\Hackathons\shadowFax\node_modules\csv-parse\lib\index.js:378:14)
    at Parser._transform (C:\Hackathons\shadowFax\node_modules\csv-parse\lib\index.js:166:10)
    at Transform._read (_stream_transform.js:167:10)
    at Transform._write (_stream_transform.js:155:12)
Sun Jun 12 2016 00:12:53 GMT+0530 (India Standard Time) - error: E11000 duplicate key error collection: hack1-dev.datasets index: name_1 dup key: { : "MPS1" }
Sun Jun 12 2016 00:13:00 GMT+0530 (India Standard Time) - info: Processing Data file- uploads\MPS12 
Sun Jun 12 2016 00:31:32 GMT+0530 (India Standard Time) - info: Processing Data file- uploads\MPS123.csv 
Sun Jun 12 2016 00:31:32 GMT+0530 (India Standard Time) - error:  MissingSchemaError: Schema hasn't been registered for model "MPS123.csv".
Use mongoose.model(name, schema)
    at Mongoose.model (C:\Hackathons\shadowFax\node_modules\mongoose\lib\index.js:323:13)
    at Object.module.exports.upload (C:\Hackathons\shadowFax\app\utility\datasetUpload.js:36:34)
    at onNewRecord (C:\Hackathons\shadowFax\app\utility\parseCSVFile.js:81:23)
    at null.<anonymous> (C:\Hackathons\shadowFax\app\utility\parseCSVFile.js:41:17)
    at emitNone (events.js:67:13)
    at emit (events.js:166:7)
    at emitReadable_ (_stream_readable.js:419:10)
    at emitReadable (_stream_readable.js:413:7)
    at readableAddChunk (_stream_readable.js:164:13)
    at Readable.push (_stream_readable.js:111:10)
    at Transform.push (_stream_transform.js:128:32)
    at Parser.__push (C:\Hackathons\shadowFax\node_modules\csv-parse\lib\index.js:221:19)
    at Parser.__write (C:\Hackathons\shadowFax\node_modules\csv-parse\lib\index.js:378:14)
    at Parser._transform (C:\Hackathons\shadowFax\node_modules\csv-parse\lib\index.js:166:10)
    at Transform._read (_stream_transform.js:167:10)
    at Transform._write (_stream_transform.js:155:12)
Sun Jun 12 2016 00:31:57 GMT+0530 (India Standard Time) - error: E11000 duplicate key error collection: hack1-dev.datasets index: name_1 dup key: { : "MPS123.csv" }
Sun Jun 12 2016 00:32:02 GMT+0530 (India Standard Time) - info: Processing Data file- uploads\MPS1233.csv 
Sun Jun 12 2016 00:32:02 GMT+0530 (India Standard Time) - error:  MissingSchemaError: Schema hasn't been registered for model "MPS1233.csv".
Use mongoose.model(name, schema)
    at Mongoose.model (C:\Hackathons\shadowFax\node_modules\mongoose\lib\index.js:323:13)
    at Object.module.exports.upload (C:\Hackathons\shadowFax\app\utility\datasetUpload.js:36:34)
    at onNewRecord (C:\Hackathons\shadowFax\app\utility\parseCSVFile.js:81:23)
    at null.<anonymous> (C:\Hackathons\shadowFax\app\utility\parseCSVFile.js:41:17)
    at emitNone (events.js:67:13)
    at emit (events.js:166:7)
    at emitReadable_ (_stream_readable.js:419:10)
    at emitReadable (_stream_readable.js:413:7)
    at readableAddChunk (_stream_readable.js:164:13)
    at Readable.push (_stream_readable.js:111:10)
    at Transform.push (_stream_transform.js:128:32)
    at Parser.__push (C:\Hackathons\shadowFax\node_modules\csv-parse\lib\index.js:221:19)
    at Parser.__write (C:\Hackathons\shadowFax\node_modules\csv-parse\lib\index.js:378:14)
    at Parser._transform (C:\Hackathons\shadowFax\node_modules\csv-parse\lib\index.js:166:10)
    at Transform._read (_stream_transform.js:167:10)
    at Transform._write (_stream_transform.js:155:12)
Sun Jun 12 2016 00:32:47 GMT+0530 (India Standard Time) - info: Processing Data file- uploads\MPS1234.csv 
Sun Jun 12 2016 00:32:47 GMT+0530 (India Standard Time) - error:  MissingSchemaError: Schema hasn't been registered for model "MPS1234.csv".
Use mongoose.model(name, schema)
    at Mongoose.model (C:\Hackathons\shadowFax\node_modules\mongoose\lib\index.js:323:13)
    at Object.module.exports.upload (C:\Hackathons\shadowFax\app\utility\datasetUpload.js:36:34)
    at onNewRecord (C:\Hackathons\shadowFax\app\utility\parseCSVFile.js:81:23)
    at null.<anonymous> (C:\Hackathons\shadowFax\app\utility\parseCSVFile.js:41:17)
    at emitNone (events.js:67:13)
    at emit (events.js:166:7)
    at emitReadable_ (_stream_readable.js:419:10)
    at emitReadable (_stream_readable.js:413:7)
    at readableAddChunk (_stream_readable.js:164:13)
    at Readable.push (_stream_readable.js:111:10)
    at Transform.push (_stream_transform.js:128:32)
    at Parser.__push (C:\Hackathons\shadowFax\node_modules\csv-parse\lib\index.js:221:19)
    at Parser.__write (C:\Hackathons\shadowFax\node_modules\csv-parse\lib\index.js:378:14)
    at Parser._transform (C:\Hackathons\shadowFax\node_modules\csv-parse\lib\index.js:166:10)
    at Transform._read (_stream_transform.js:167:10)
    at Transform._write (_stream_transform.js:155:12)
Sun Jun 12 2016 00:46:22 GMT+0530 (India Standard Time) - info: Processing Data file- uploads\Rider123.csv 
Sun Jun 12 2016 00:49:38 GMT+0530 (India Standard Time) - error: Validation failed
Sun Jun 12 2016 00:53:05 GMT+0530 (India Standard Time) - info: Processing Data file- uploads\RiderLocation.csv 
Sun Jun 12 2016 00:54:42 GMT+0530 (India Standard Time) - error:  Error: Number of columns on line 137462 does not match header
    at Error (native)
    at Parser.__push (C:\Hackathons\shadowFax\node_modules\csv-parse\lib\index.js:206:26)
    at Parser.__write (C:\Hackathons\shadowFax\node_modules\csv-parse\lib\index.js:378:14)
    at Parser._flush (C:\Hackathons\shadowFax\node_modules\csv-parse\lib\index.js:177:10)
    at null.<anonymous> (_stream_transform.js:118:12)
    at g (events.js:260:16)
    at emitNone (events.js:67:13)
    at emit (events.js:166:7)
    at prefinish (_stream_writable.js:471:12)
    at finishMaybe (_stream_writable.js:479:7)
    at endWritable (_stream_writable.js:491:3)
    at Writable.end (_stream_writable.js:456:5)
    at ReadStream.onend (_stream_readable.js:498:10)
    at ReadStream.g (events.js:260:16)
    at emitNone (events.js:72:20)
    at ReadStream.emit (events.js:166:7)
Sun Jun 12 2016 00:54:42 GMT+0530 (India Standard Time) - error: E11000 duplicate key error collection: hack1-dev.datasets index: name_1 dup key: { : "RiderLocation.csv" }
Sun Jun 12 2016 00:58:01 GMT+0530 (India Standard Time) - info: Processing Data file- uploads\OrderDetails.csv 
Sun Jun 12 2016 00:58:01 GMT+0530 (India Standard Time) - error:  MissingSchemaError: Schema hasn't been registered for model "OrderDetails.csv".
Use mongoose.model(name, schema)
    at Mongoose.model (C:\Hackathons\shadowFax\node_modules\mongoose\lib\index.js:323:13)
    at Object.module.exports.upload (C:\Hackathons\shadowFax\app\utility\datasetUpload.js:36:34)
    at onNewRecord (C:\Hackathons\shadowFax\app\utility\parseCSVFile.js:81:23)
    at null.<anonymous> (C:\Hackathons\shadowFax\app\utility\parseCSVFile.js:41:17)
    at emitNone (events.js:67:13)
    at emit (events.js:166:7)
    at emitReadable_ (_stream_readable.js:419:10)
    at emitReadable (_stream_readable.js:413:7)
    at readableAddChunk (_stream_readable.js:164:13)
    at Readable.push (_stream_readable.js:111:10)
    at Transform.push (_stream_transform.js:128:32)
    at Parser.__push (C:\Hackathons\shadowFax\node_modules\csv-parse\lib\index.js:221:19)
    at Parser.__write (C:\Hackathons\shadowFax\node_modules\csv-parse\lib\index.js:378:14)
    at Parser._transform (C:\Hackathons\shadowFax\node_modules\csv-parse\lib\index.js:166:10)
    at Transform._read (_stream_transform.js:167:10)
    at Transform._write (_stream_transform.js:155:12)
Sun Jun 12 2016 00:59:16 GMT+0530 (India Standard Time) - info: Processing Data file- uploads\OrderDetailsNew.csv 
